     1                                 %line 1+1 cat2.asm
     2                                 
     3                                 
     4                                 
     5                                 [global progr]
     6                                 [extern exit]
     7                                 
     8                                 [global CAT2]
     9                                 
    10                                 [section .data]
    11                                 I:
    12 00000000 00000000                times 1 dd 0
    13                                 J:
    14 00000004 00000000                times 1 dd 0
    15                                 
    16                                 
    17                                 [section .text]
    18                                 
    19                                 CAT2:
    20 00000000 55                      push EBP
    21 00000001 89E5                    mov EBP,ESP
    22                                 
    23                                 
    24                                 
    25                                 
    26                                 
    27                                 
    28                                 
    29 00000003 8B5D0C                  mov EBX,[EBP+12]
    30 00000006 8B03                    mov EAX,[EBX]
    31 00000008 40                      inc EAX
    32 00000009 A3[00000000]            mov [I],EAX
    33                                 
    34                                 
    35 0000000E B801000000              mov EAX,1
    36 00000013 A3[00000000]            mov [J],EAX
    37                                 
    38                                 LJ1:
    39                                 
    40 00000018 A1[00000000]            mov EAX,[J]
    41                                 
    42 0000001D 8B5D08                  mov EBX,[EBP+8]
    43 00000020 2B03                    sub EAX,[EBX]
    44 00000022 7F40                    jg LJ2
    45                                 
    46                                 
    47 00000024 A1[00000000]            mov EAX,[I]
    48 00000029 C1E002                  sal EAX,2
    49                                 
    50 0000002C 8B5D0C                  mov EBX,[EBP+12]
    51 0000002F 01D8                    add EAX,EBX
    52 00000031 A3[00000000]            mov [T1Z1],EAX
    53 00000036 A1[00000000]            mov EAX,[J]
    54 0000003B C1E002                  sal EAX,2
    55                                 
    56 0000003E 8B5D08                  mov EBX,[EBP+8]
    57 00000041 01D8                    add EAX,EBX
    58 00000043 8B00                    mov EAX,[EAX]
    59 00000045 89C2                    mov EDX,EAX
    60 00000047 A1[00000000]            mov EAX,[T1Z1]
    61 0000004C 8910                    mov [EAX],EDX
    62                                 
    63                                 
    64 0000004E A1[00000000]            mov EAX,[I]
    65 00000053 40                      inc EAX
    66 00000054 A3[00000000]            mov [I],EAX
    67                                 
    68                                 
    69 00000059 A1[00000000]            mov EAX,[J]
    70 0000005E 40                      inc EAX
    71 0000005F A3[00000000]            mov [J],EAX
    72                                 
    73 00000064 EBB0                    jmp LJ1
    74                                 LJ2:
    75                                 
    76                                 
    77                                 
    78 00000066 8B5D0C                  mov EBX,[EBP+12]
    79 00000069 8B03                    mov EAX,[EBX]
    80                                 
    81 0000006B 8B5D08                  mov EBX,[EBP+8]
    82 0000006E 0303                    add EAX,[EBX]
    83                                 
    84 00000070 8B5D0C                  mov EBX,[EBP+12]
    85 00000073 8903                    mov [EBX],EAX
    86                                 
    87                                 
    88 00000075 89EC                    mov ESP,EBP
    89 00000077 5D                      pop EBP
    90 00000078 C3                      ret
    91                                 
    92                                 [section .data]
    93                                 T1Z1:
    94 00000008 00000000                times 1 dd 0
    95                                 [section .text]
    96                                 
    97                                  end
