     1                                 %line 1+1 iform.asm
     2                                 
     3                                 
     4                                 [global progr]
     5                                 [extern exit]
     6                                 
     7                                 [global IFORM]
     8                                 
     9                                 [section .data]
    10                                 N:
    11 00000000 00000000                times 1 dd 0
    12                                 Q:
    13 00000004 00000000                times 1 dd 0
    14                                 
    15                                 PTR:
    16 00000008 00000000                times 1 dd 0
    17                                 
    18                                 STAR:
    19 0000000C 2A000000                dd 42
    20                                 
    21                                 MINUS:
    22 00000010 2D000000                dd 45
    23                                 
    24                                 
    25                                 [section .text]
    26                                 
    27                                 IFORM:
    28 00000000 55                      push EBP
    29 00000001 89E5                    mov EBP,ESP
    30                                 
    31                                 
    32                                 
    33                                 
    34                                 
    35                                 
    36                                 
    37 00000003 8B5D0C                  mov EBX,[EBP+12]
    38 00000006 8B03                    mov EAX,[EBX]
    39 00000008 A3[00000000]            mov [N],EAX
    40                                 
    41                                 
    42                                 
    43 0000000D 8B5D08                  mov EBX,[EBP+8]
    44 00000010 8B03                    mov EAX,[EBX]
    45 00000012 A3[00000000]            mov [PTR],EAX
    46                                 
    47                                 
    48 00000017 A1[00000000]            mov EAX,[N]
    49 0000001C 09C0                    or EAX,EAX
    50 0000001E 7D0A                    jge LJ1
    51                                 
    52 00000020 A1[00000000]            mov EAX,[N]
    53 00000025 F7D8                    neg EAX
    54 00000027 A3[00000000]            mov [N],EAX
    55                                 LJ1:
    56                                 
    57                                 LJ2:
    58                                 
    59                                 
    60 0000002C A1[00000000]            mov EAX,[PTR]
    61 00000031 09C0                    or EAX,EAX
    62 00000033 7F03                    jg LJ4
    63 00000035 E9DF000000              jmp TOOBIG
    64                                 LJ4:
    65                                 
    66                                 
    67 0000003A A1[00000000]            mov EAX,[N]
    68 0000003F 99                      cdq
    69 00000040 B90A000000              mov ECX,10
    70 00000045 F7F9                    idiv dword ECX
    71 00000047 A3[00000000]            mov [Q],EAX
    72                                 
    73                                 
    74 0000004C A1[00000000]            mov EAX,[PTR]
    75 00000051 C1E002                  sal EAX,2
    76                                 
    77 00000054 8B5D08                  mov EBX,[EBP+8]
    78 00000057 01D8                    add EAX,EBX
    79 00000059 A3[00000000]            mov [T1Z1],EAX
    80 0000005E B80A000000              mov EAX,10
    81 00000063 F72D[00000000]          imul dword [Q]
    82 00000069 A3[00000000]            mov [T1Z],EAX
    83 0000006E A1[00000000]            mov EAX,[N]
    84 00000073 2B05[00000000]          sub EAX,[T1Z]
    85 00000079 83C030                  add EAX,48
    86 0000007C 89C2                    mov EDX,EAX
    87 0000007E A1[00000000]            mov EAX,[T1Z1]
    88 00000083 8910                    mov [EAX],EDX
    89                                 
    90                                 
    91 00000085 A1[00000000]            mov EAX,[Q]
    92 0000008A A3[00000000]            mov [N],EAX
    93                                 
    94                                 
    95 0000008F A1[00000000]            mov EAX,[PTR]
    96 00000094 48                      dec EAX
    97 00000095 A3[00000000]            mov [PTR],EAX
    98                                 
    99                                 
   100 0000009A A1[00000000]            mov EAX,[N]
   101 0000009F 09C0                    or EAX,EAX
   102 000000A1 7587                    jne LJ2
   103                                 LJ3:
   104                                 
   105                                 
   106                                 
   107 000000A3 8B5D0C                  mov EBX,[EBP+12]
   108 000000A6 8B03                    mov EAX,[EBX]
   109 000000A8 09C0                    or EAX,EAX
   110 000000AA 7D36                    jge LJ5
   111                                 
   112                                 
   113 000000AC A1[00000000]            mov EAX,[PTR]
   114 000000B1 09C0                    or EAX,EAX
   115 000000B3 7F02                    jg LJ6
   116 000000B5 EB65                    jmp TOOBIG
   117                                 
   118 000000B7 EB29                    jmp LJ7
   119                                 LJ6:
   120                                 
   121 000000B9 A1[00000000]            mov EAX,[PTR]
   122 000000BE C1E002                  sal EAX,2
   123                                 
   124 000000C1 8B5D08                  mov EBX,[EBP+8]
   125 000000C4 01D8                    add EAX,EBX
   126 000000C6 A3[00000000]            mov [T1Z],EAX
   127 000000CB A1[00000000]            mov EAX,[MINUS]
   128 000000D0 89C2                    mov EDX,EAX
   129 000000D2 A1[00000000]            mov EAX,[T1Z]
   130 000000D7 8910                    mov [EAX],EDX
   131                                 
   132                                 
   133 000000D9 A1[00000000]            mov EAX,[PTR]
   134 000000DE 48                      dec EAX
   135 000000DF A3[00000000]            mov [PTR],EAX
   136                                 
   137                                 LJ7:
   138                                 
   139                                 LJ5:
   140                                 
   141                                 LJ8:
   142                                 
   143 000000E4 A1[00000000]            mov EAX,[PTR]
   144 000000E9 09C0                    or EAX,EAX
   145 000000EB 7E2B                    jle LJ9
   146                                 
   147                                 
   148 000000ED A1[00000000]            mov EAX,[PTR]
   149 000000F2 C1E002                  sal EAX,2
   150                                 
   151 000000F5 8B5D08                  mov EBX,[EBP+8]
   152 000000F8 01D8                    add EAX,EBX
   153 000000FA A3[00000000]            mov [T1Z],EAX
   154 000000FF B820000000              mov EAX,32
   155 00000104 89C2                    mov EDX,EAX
   156 00000106 A1[00000000]            mov EAX,[T1Z]
   157 0000010B 8910                    mov [EAX],EDX
   158                                 
   159                                 
   160 0000010D A1[00000000]            mov EAX,[PTR]
   161 00000112 48                      dec EAX
   162 00000113 A3[00000000]            mov [PTR],EAX
   163                                 
   164 00000118 EBC8                    jmp LJ8
   165                                 LJ9:
   166                                 
   167                                 
   168 0000011A 89EC                    mov ESP,EBP
   169 0000011C 5D                      pop EBP
   170 0000011D C3                      ret
   171                                 
   172                                 TOOBIG:
   173                                 
   174                                 
   175 0000011E B801000000              mov EAX,1
   176 00000123 C1E002                  sal EAX,2
   177                                 
   178 00000126 8B5D08                  mov EBX,[EBP+8]
   179 00000129 01D8                    add EAX,EBX
   180 0000012B A3[00000000]            mov [T1Z],EAX
   181 00000130 A1[00000000]            mov EAX,[STAR]
   182 00000135 89C2                    mov EDX,EAX
   183 00000137 A1[00000000]            mov EAX,[T1Z]
   184 0000013C 8910                    mov [EAX],EDX
   185                                 
   186                                 
   187 0000013E 89EC                    mov ESP,EBP
   188 00000140 5D                      pop EBP
   189 00000141 C3                      ret
   190                                 
   191                                 [section .data]
   192                                 T1Z:
   193 00000014 00000000<rept>          times 2 dd 0
   194                                 [section .text]
   195                                 [section .data]
   196                                 T1Z1:
   197 0000001C 00000000                times 1 dd 0
   198                                 [section .text]
   199                                 
   200                                  end
