     1                                 %line 1+1 initsym.asm
     2                                 
     3                                 
     4                                 
     5                                 
     6                                 
     7                                 
     8                                 
     9                                 
    10                                 
    11                                 
    12                                 
    13                                 
    14                                 [global progr]
    15                                 [extern exit]
    16                                 
    17                                 [global INITSYM]
    18                                 
    19                                 [global DMPLIST]
    20                                 
    21                                 [global BUFF]
    22                                 
    23                                 
    24                                 [extern READ]
    25                                 [extern WRITE]
    26                                 
    27                                 [extern LEX]
    28                                 
    29                                 [extern A2B40]
    30                                 [extern B402A]
    31                                 
    32                                 [extern A2B40L]
    33                                 
    34                                 [extern LOOKS]
    35                                 [extern GETS]
    36                                 [extern PUTS]
    37                                 [extern GETWRD]
    38                                 
    39                                 [extern IREAD]
    40                                 [extern IFORM]
    41                                 [extern CAT2]
    42                                 
    43                                 [extern COLLS]
    44                                 [extern MASKV]
    45                                 [extern MASKW]
    46                                 [extern MOD40K]
    47                                 
    48                                 
    49                                 [section .data]
    50                                 I:
    51 00000000 00000000                times 1 dd 0
    52                                 J:
    53 00000004 00000000                times 1 dd 0
    54                                 EOF:
    55 00000008 00000000                dd 0
    56                                 STATUS:
    57 0000000C 00000000                times 1 dd 0
    58                                 
    59                                 BUFF:
    60 00000010 00000000<rept>          times 128 dd 0
    61                                 
    62                                 INCH:
    63 00000210 01000000                dd 1
    64                                 SCRCH:
    65 00000214 02000000                dd 2
    66                                 OUTCH:
    67 00000218 03000000                dd 3
    68                                 
    69                                 LEXEME:
    70 0000021C 00000000<rept>          times 5 dd 0
    71                                 
    72                                 INDEX:
    73 00000230 00000000                times 1 dd 0
    74                                 WORDS:
    75 00000234 00000000                times 1 dd 0
    76                                 LKIND:
    77 00000238 00000000                times 1 dd 0
    78                                 TTYPE:
    79 0000023C 00000000                times 1 dd 0
    80                                 TAG:
    81 00000240 00000000                times 1 dd 0
    82                                 TAGS:
    83 00000244 00000000                times 1 dd 0
    84                                 VAL:
    85 00000248 00000000                times 1 dd 0
    86                                 ATTR:
    87 0000024C 00000000                times 1 dd 0
    88                                 OP:
    89 00000250 00000000                times 1 dd 0
    90                                 
    91                                 COUNT:
    92 00000254 00000000                dd 0
    93                                 LIST:
    94 00000258 00000000<rept>          times 61 dd 0
    95                                 
    96                                 STAR:
    97 0000034C 2A000000                dd 42
    98                                 
    99                                 DOT:
   100 00000350 2E000000                dd 46
   101                                 
   102                                 QUOTE:
   103 00000354 27000000                dd 39
   104                                 
   105                                 BLANKS:
   106 00000358 0A000000                dd 10
   107 0000035C 20000000                dd 32
   108 00000360 20000000                dd 32
   109 00000364 20000000                dd 32
   110 00000368 20000000                dd 32
   111 0000036C 20000000                dd 32
   112 00000370 20000000                dd 32
   113 00000374 20000000                dd 32
   114 00000378 20000000                dd 32
   115 0000037C 20000000                dd 32
   116 00000380 20000000                dd 32
   117                                 
   118                                 SCRATCH:
   119 00000384 0A000000                dd 10
   120 00000388 20000000                dd 32
   121 0000038C 20000000                dd 32
   122 00000390 20000000                dd 32
   123 00000394 20000000                dd 32
   124 00000398 20000000                dd 32
   125 0000039C 20000000                dd 32
   126 000003A0 20000000                dd 32
   127 000003A4 20000000                dd 32
   128 000003A8 20000000                dd 32
   129 000003AC 20000000                dd 32
   130                                 
   131                                 COLLISIONS:
   132 000003B0 0C000000                dd 12
   133 000003B4 43000000                dd 67
   134 000003B8 6F000000                dd 111
   135 000003BC 6C000000                dd 108
   136 000003C0 6C000000                dd 108
   137 000003C4 69000000                dd 105
   138 000003C8 73000000                dd 115
   139 000003CC 69000000                dd 105
   140 000003D0 6F000000                dd 111
   141 000003D4 6E000000                dd 110
   142 000003D8 73000000                dd 115
   143 000003DC 3A000000                dd 58
   144 000003E0 20000000                dd 32
   145                                 
   146                                 
   147                                 ANC:
   148 000003E4 00000000                times 1 dd 0
   149                                 
   150                                 
   151                                 
   152                                 [section .text]
   153                                 
   154                                 INITSYM:
   155 00000000 55                      push EBP
   156 00000001 89E5                    mov EBP,ESP
   157                                 
   158                                 
   159                                 
   160                                 
   161 00000003 B8FF7F0000              mov EAX,32767
   162 00000008 D1E0                    sal EAX,1
   163 0000000A 83C801                  or EAX,1
   164 0000000D A3[00000000]            mov [MASKV],EAX
   165                                 
   166                                 
   167 00000012 A1[00000000]            mov EAX,[MASKV]
   168 00000017 C1E00F                  sal EAX,15
   169 0000001A 0B05[00000000]          or EAX,[MASKV]
   170 00000020 A3[00000000]            mov [MASKW],EAX
   171                                 
   172                                 
   173 00000025 B8F8140000              mov EAX,5368
   174 0000002A 69C010270000            imul EAX,10000
   175 00000030 05B31B0000              add EAX,7091
   176 00000035 A3[00000000]            mov [MOD40K],EAX
   177                                 
   178                                 
   179                                 
   180 0000003A 68[00000000]            push SCRCH
   181 0000003F 68[00000000]            push BUFF
   182 00000044 E8(F6FFFFFF)            call READ
   183 00000049 83C408                  add ESP,4*2
   184 0000004C A3[00000000]            mov [STATUS],EAX
   185                                 
   186                                 LJ2:
   187                                 
   188 00000051 A1[00000000]            mov EAX,[STATUS]
   189 00000056 2B05[00000000]          sub EAX,[EOF]
   190 0000005C 0F840A020000            jz LJ3
   191                                 
   192                                 
   193 00000062 B801000000              mov EAX,1
   194 00000067 C1E002                  sal EAX,2
   195 0000006A 05[00000000]            add EAX,BUFF
   196 0000006F 8B00                    mov EAX,[EAX]
   197 00000071 2B05[00000000]          sub EAX,[STAR]
   198                                 
   199 00000077 0F84D3010000            jz LJ4
   200                                 
   201                                 
   202 0000007D B801000000              mov EAX,1
   203 00000082 A3[00000000]            mov [I],EAX
   204                                 
   205                                 
   206                                 
   207                                 
   208 00000087 68[00000000]            push I
   209 0000008C 68[00000000]            push LEXEME
   210 00000091 E8(F6FFFFFF)            call LEX
   211 00000096 83C408                  add ESP,4*2
   212 00000099 A3[00000000]            mov [LKIND],EAX
   213                                 
   214                                 
   215 0000009E A1[00000000]            mov EAX,[LEXEME]
   216 000000A3 25FF000000              and EAX,255
   217 000000A8 A3[00000000]            mov [ANC],EAX
   218                                 
   219                                 
   220 000000AD A1[00000000]            mov EAX,[ANC]
   221 000000B2 C1E002                  sal EAX,2
   222 000000B5 05[00000000]            add EAX,BUFF
   223 000000BA 8B00                    mov EAX,[EAX]
   224 000000BC 2B05[00000000]          sub EAX,[QUOTE]
   225 000000C2 753E                    jne LJ6
   226                                 
   227                                 
   228 000000C4 A1[00000000]            mov EAX,[ANC]
   229 000000C9 40                      inc EAX
   230 000000CA C1E002                  sal EAX,2
   231 000000CD 05[00000000]            add EAX,BUFF
   232 000000D2 8B00                    mov EAX,[EAX]
   233 000000D4 6BC03D                  imul EAX,61
   234 000000D7 A3[00000000]            mov [WORDS],EAX
   235                                 
   236                                 
   237 000000DC B801000000              mov EAX,1
   238 000000E1 A3[00000000]            mov [TAGS],EAX
   239                                 
   240                                 
   241                                 
   242 000000E6 68[00000000]            push WORDS
   243 000000EB 68[00000000]            push VAL
   244 000000F0 68[00000000]            push TAG
   245 000000F5 E8(F6FFFFFF)            call LOOKS
   246 000000FA 83C40C                  add ESP,4*3
   247 000000FD A3[00000000]            mov [INDEX],EAX
   248                                 
   249 00000102 EB33                    jmp LJ8
   250                                 LJ6:
   251                                 
   252                                 
   253                                 
   254 00000104 68[00000000]            push LEXEME
   255 00000109 68[00000000]            push BUFF
   256 0000010E E8(F6FFFFFF)            call A2B40L
   257 00000113 83C408                  add ESP,4*2
   258 00000116 A3[00000000]            mov [WORDS],EAX
   259                                 
   260                                 
   261 0000011B B800000000              mov EAX,0
   262 00000120 A3[00000000]            mov [TAGS],EAX
   263                                 
   264                                 
   265 00000125 B801000000              mov EAX,1
   266 0000012A C1E002                  sal EAX,2
   267 0000012D 05[00000000]            add EAX,LEXEME
   268 00000132 8B00                    mov EAX,[EAX]
   269 00000134 A3[00000000]            mov [INDEX],EAX
   270                                 
   271                                 LJ8:
   272                                 
   273                                 
   274                                 
   275                                 
   276 00000139 68[00000000]            push I
   277 0000013E 68[00000000]            push LEXEME
   278 00000143 E8(F6FFFFFF)            call LEX
   279 00000148 83C408                  add ESP,4*2
   280 0000014B A3[00000000]            mov [LKIND],EAX
   281                                 
   282                                 
   283 00000150 B801000000              mov EAX,1
   284 00000155 C1E002                  sal EAX,2
   285 00000158 05[00000000]            add EAX,LEXEME
   286 0000015D 8B00                    mov EAX,[EAX]
   287 0000015F A3[00000000]            mov [TTYPE],EAX
   288                                 
   289                                 
   290                                 
   291                                 
   292 00000164 68[00000000]            push I
   293 00000169 68[00000000]            push LEXEME
   294 0000016E E8(F6FFFFFF)            call LEX
   295 00000173 83C408                  add ESP,4*2
   296 00000176 A3[00000000]            mov [LKIND],EAX
   297                                 
   298                                 
   299 0000017B B801000000              mov EAX,1
   300 00000180 C1E002                  sal EAX,2
   301 00000183 05[00000000]            add EAX,LEXEME
   302 00000188 8B00                    mov EAX,[EAX]
   303 0000018A A3[00000000]            mov [VAL],EAX
   304                                 
   305                                 
   306                                 
   307                                 
   308 0000018F 68[00000000]            push I
   309 00000194 68[00000000]            push LEXEME
   310 00000199 E8(F6FFFFFF)            call LEX
   311 0000019E 83C408                  add ESP,4*2
   312 000001A1 A3[00000000]            mov [LKIND],EAX
   313                                 
   314                                 
   315 000001A6 B801000000              mov EAX,1
   316 000001AB C1E002                  sal EAX,2
   317 000001AE 05[00000000]            add EAX,LEXEME
   318 000001B3 8B00                    mov EAX,[EAX]
   319 000001B5 A3[00000000]            mov [LKIND],EAX
   320                                 
   321                                 
   322 000001BA A1[00000000]            mov EAX,[TAGS]
   323 000001BF C1E004                  sal EAX,4
   324 000001C2 0B05[00000000]          or EAX,[TTYPE]
   325 000001C8 C1E008                  sal EAX,8
   326 000001CB 0B05[00000000]          or EAX,[LKIND]
   327 000001D1 A3[00000000]            mov [TAG],EAX
   328                                 
   329                                 
   330                                 
   331                                 
   332 000001D6 68[00000000]            push I
   333 000001DB 68[00000000]            push LEXEME
   334 000001E0 E8(F6FFFFFF)            call LEX
   335 000001E5 83C408                  add ESP,4*2
   336 000001E8 A3[00000000]            mov [LKIND],EAX
   337                                 
   338                                 
   339 000001ED B801000000              mov EAX,1
   340 000001F2 C1E002                  sal EAX,2
   341 000001F5 05[00000000]            add EAX,LEXEME
   342 000001FA 8B00                    mov EAX,[EAX]
   343 000001FC A3[00000000]            mov [ATTR],EAX
   344                                 
   345                                 
   346 00000201 A1[00000000]            mov EAX,[ATTR]
   347 00000206 C1E008                  sal EAX,8
   348 00000209 0B05[00000000]          or EAX,[VAL]
   349 0000020F A3[00000000]            mov [VAL],EAX
   350                                 
   351                                 
   352                                 
   353 00000214 68[00000000]            push INDEX
   354 00000219 68[00000000]            push VAL
   355 0000021E 68[00000000]            push TAG
   356 00000223 E8(F6FFFFFF)            call PUTS
   357 00000228 83C40C                  add ESP,4*3
   358                                 
   359                                 
   360 0000022B A1[00000000]            mov EAX,[COUNT]
   361 00000230 40                      inc EAX
   362 00000231 A3[00000000]            mov [COUNT],EAX
   363                                 
   364                                 
   365 00000236 A1[00000000]            mov EAX,[COUNT]
   366 0000023B C1E002                  sal EAX,2
   367 0000023E 05[00000000]            add EAX,LIST
   368 00000243 A3[00000000]            mov [T1Z],EAX
   369 00000248 A1[00000000]            mov EAX,[INDEX]
   370 0000024D 89C2                    mov EDX,EAX
   371 0000024F A1[00000000]            mov EAX,[T1Z]
   372 00000254 8910                    mov [EAX],EDX
   373                                 
   374                                 LJ4:
   375                                 
   376                                 
   377                                 
   378 00000256 68[00000000]            push SCRCH
   379 0000025B 68[00000000]            push BUFF
   380 00000260 E8(F6FFFFFF)            call READ
   381 00000265 83C408                  add ESP,4*2
   382 00000268 A3[00000000]            mov [STATUS],EAX
   383                                 
   384 0000026D E9DAFDFFFF              jmp LJ2
   385                                 LJ3:
   386                                 
   387                                 
   388 00000272 89EC                    mov ESP,EBP
   389 00000274 5D                      pop EBP
   390 00000275 C3                      ret
   391                                 
   392                                 [section .data]
   393                                 T1Z:
   394 000003E8 00000000<rept>          times 2 dd 0
   395                                 [section .text]
   396                                 
   397                                 
   398                                 [section .data]
   399                                 HEADER:
   400 000003F0 26000000                dd 38
   401 000003F4 53000000                dd 83
   402 000003F8 79000000                dd 121
   403 000003FC 6D000000                dd 109
   404 00000400 62000000                dd 98
   405 00000404 6F000000                dd 111
   406 00000408 6C000000                dd 108
   407 0000040C 20000000                dd 32
   408 00000410 20000000                dd 32
   409 00000414 20000000                dd 32
   410 00000418 20000000                dd 32
   411 0000041C 20000000                dd 32
   412 00000420 20000000                dd 32
   413 00000424 20000000                dd 32
   414 00000428 49000000                dd 73
   415 0000042C 6E000000                dd 110
   416 00000430 64000000                dd 100
   417 00000434 65000000                dd 101
   418 00000438 78000000                dd 120
   419 0000043C 20000000                dd 32
   420 00000440 20000000                dd 32
   421 00000444 20000000                dd 32
   422 00000448 20000000                dd 32
   423 0000044C 20000000                dd 32
   424 00000450 20000000                dd 32
   425 00000454 20000000                dd 32
   426 00000458 56000000                dd 86
   427 0000045C 41000000                dd 65
   428 00000460 4C000000                dd 76
   429 00000464 20000000                dd 32
   430 00000468 20000000                dd 32
   431 0000046C 20000000                dd 32
   432 00000470 20000000                dd 32
   433 00000474 20000000                dd 32
   434 00000478 20000000                dd 32
   435 0000047C 20000000                dd 32
   436 00000480 54000000                dd 84
   437 00000484 41000000                dd 65
   438 00000488 47000000                dd 71
   439                                 
   440                                 HEAD1:
   441 0000048C 00000000<rept>          times 41 dd 0
   442                                 
   443                                 HEAD2:
   444 00000530 28000000                dd 40
   445 00000534 20000000                dd 32
   446 00000538 20000000                dd 32
   447 0000053C 20000000                dd 32
   448 00000540 20000000                dd 32
   449 00000544 20000000                dd 32
   450 00000548 54000000                dd 84
   451 0000054C 54000000                dd 84
   452 00000550 59000000                dd 89
   453 00000554 50000000                dd 80
   454 00000558 45000000                dd 69
   455 0000055C 20000000                dd 32
   456 00000560 20000000                dd 32
   457 00000564 20000000                dd 32
   458 00000568 20000000                dd 32
   459 0000056C 20000000                dd 32
   460 00000570 20000000                dd 32
   461 00000574 54000000                dd 84
   462 00000578 41000000                dd 65
   463 0000057C 47000000                dd 71
   464 00000580 53000000                dd 83
   465 00000584 20000000                dd 32
   466 00000588 20000000                dd 32
   467 0000058C 20000000                dd 32
   468 00000590 20000000                dd 32
   469 00000594 20000000                dd 32
   470 00000598 20000000                dd 32
   471 0000059C 20000000                dd 32
   472 000005A0 20000000                dd 32
   473 000005A4 4F000000                dd 79
   474 000005A8 50000000                dd 80
   475 000005AC 20000000                dd 32
   476 000005B0 20000000                dd 32
   477 000005B4 20000000                dd 32
   478 000005B8 20000000                dd 32
   479 000005BC 20000000                dd 32
   480 000005C0 54000000                dd 84
   481 000005C4 4B000000                dd 75
   482 000005C8 49000000                dd 73
   483 000005CC 4E000000                dd 78
   484 000005D0 44000000                dd 68
   485                                 
   486                                 TKIND:
   487 000005D4 00000000                times 1 dd 0
   488                                 
   489                                 
   490                                 
   491                                 [section .text]
   492                                 
   493                                 DMPLIST:
   494 00000276 55                      push EBP
   495 00000277 89E5                    mov EBP,ESP
   496                                 
   497                                 
   498                                 
   499                                 
   500 00000279 68[00000000]            push HEADER
   501 0000027E 68[00000000]            push HEAD2
   502 00000283 E8(F6FFFFFF)            call CAT2
   503 00000288 83C408                  add ESP,4*2
   504                                 
   505                                 
   506 0000028B 68[00000000]            push OUTCH
   507 00000290 68[00000000]            push HEADER
   508 00000295 E8(F6FFFFFF)            call WRITE
   509 0000029A 83C408                  add ESP,4*2
   510                                 
   511                                 
   512 0000029D B801000000              mov EAX,1
   513 000002A2 A3[00000000]            mov [I],EAX
   514                                 
   515                                 LJ18:
   516                                 
   517 000002A7 A1[00000000]            mov EAX,[I]
   518 000002AC 2B05[00000000]          sub EAX,[COUNT]
   519 000002B2 0F8F12020000            jg LJ19
   520                                 
   521                                 
   522 000002B8 A1[00000000]            mov EAX,[I]
   523 000002BD C1E002                  sal EAX,2
   524 000002C0 05[00000000]            add EAX,LIST
   525 000002C5 8B00                    mov EAX,[EAX]
   526 000002C7 A3[00000000]            mov [INDEX],EAX
   527                                 
   528                                 
   529 000002CC 68[00000000]            push INDEX
   530 000002D1 68[00000000]            push WORDS
   531 000002D6 E8(F6FFFFFF)            call GETWRD
   532 000002DB 83C408                  add ESP,4*2
   533                                 
   534                                 
   535 000002DE 68[00000000]            push INDEX
   536 000002E3 68[00000000]            push VAL
   537 000002E8 68[00000000]            push TAG
   538 000002ED E8(F6FFFFFF)            call GETS
   539 000002F2 83C40C                  add ESP,4*3
   540                                 
   541                                 
   542 000002F5 A1[00000000]            mov EAX,[TAG]
   543 000002FA 25FF000000              and EAX,255
   544 000002FF A3[00000000]            mov [TKIND],EAX
   545                                 
   546                                 
   547 00000304 A1[00000000]            mov EAX,[TAG]
   548 00000309 C1F808                  sar EAX,8
   549 0000030C A3[00000000]            mov [TTYPE],EAX
   550                                 
   551                                 
   552 00000311 A1[00000000]            mov EAX,[TTYPE]
   553 00000316 C1F804                  sar EAX,4
   554 00000319 A3[00000000]            mov [TAGS],EAX
   555                                 
   556                                 
   557 0000031E A1[00000000]            mov EAX,[TTYPE]
   558 00000323 83E00F                  and EAX,15
   559 00000326 A3[00000000]            mov [TTYPE],EAX
   560                                 
   561                                 
   562 0000032B A1[00000000]            mov EAX,[VAL]
   563 00000330 25FF000000              and EAX,255
   564 00000335 A3[00000000]            mov [OP],EAX
   565                                 
   566                                 
   567 0000033A B800000000              mov EAX,0
   568 0000033F A3[00000000]            mov [BUFF],EAX
   569                                 
   570                                 
   571 00000344 68[00000000]            push BUFF
   572 00000349 68[00000000]            push BLANKS
   573 0000034E E8(F6FFFFFF)            call CAT2
   574 00000353 83C408                  add ESP,4*2
   575                                 
   576                                 
   577 00000356 B800000000              mov EAX,0
   578 0000035B A3[00000000]            mov [BUFF],EAX
   579                                 
   580                                 
   581 00000360 A1[00000000]            mov EAX,[TAGS]
   582 00000365 83E001                  and EAX,1
   583 00000368 09C0                    or EAX,EAX
   584 0000036A 7428                    jz LJ23
   585                                 
   586                                 
   587 0000036C B801000000              mov EAX,1
   588 00000371 C1E002                  sal EAX,2
   589 00000374 05[00000000]            add EAX,BUFF
   590 00000379 A3[00000000]            mov [T3Z1],EAX
   591 0000037E A1[00000000]            mov EAX,[WORDS]
   592                                 
   593 00000383 99                      cdq
   594 00000384 B93D000000              mov ECX,61
   595 00000389 F7F9                    idiv dword ECX
   596 0000038B 89C2                    mov EDX,EAX
   597 0000038D A1[00000000]            mov EAX,[T3Z1]
   598 00000392 8910                    mov [EAX],EDX
   599                                 
   600 00000394 EB10                    jmp LJ24
   601                                 LJ23:
   602                                 
   603                                 
   604 00000396 68[00000000]            push WORDS
   605 0000039B 68[00000000]            push BUFF
   606 000003A0 E8(F6FFFFFF)            call B402A
   607 000003A5 83C408                  add ESP,4*2
   608                                 
   609                                 LJ24:
   610                                 
   611                                 
   612 000003A8 B808000000              mov EAX,8
   613 000003AD A3[00000000]            mov [BUFF],EAX
   614                                 
   615                                 
   616 000003B2 68[00000000]            push INDEX
   617 000003B7 68[00000000]            push SCRATCH
   618 000003BC E8(F6FFFFFF)            call IFORM
   619 000003C1 83C408                  add ESP,4*2
   620                                 
   621                                 
   622 000003C4 68[00000000]            push BUFF
   623 000003C9 68[00000000]            push SCRATCH
   624 000003CE E8(F6FFFFFF)            call CAT2
   625 000003D3 83C408                  add ESP,4*2
   626                                 
   627                                 
   628 000003D6 68[00000000]            push VAL
   629 000003DB 68[00000000]            push SCRATCH
   630 000003E0 E8(F6FFFFFF)            call IFORM
   631 000003E5 83C408                  add ESP,4*2
   632                                 
   633                                 
   634 000003E8 68[00000000]            push BUFF
   635 000003ED 68[00000000]            push SCRATCH
   636 000003F2 E8(F6FFFFFF)            call CAT2
   637 000003F7 83C408                  add ESP,4*2
   638                                 
   639                                 
   640 000003FA 68[00000000]            push TAG
   641 000003FF 68[00000000]            push SCRATCH
   642 00000404 E8(F6FFFFFF)            call IFORM
   643 00000409 83C408                  add ESP,4*2
   644                                 
   645                                 
   646 0000040C 68[00000000]            push BUFF
   647 00000411 68[00000000]            push SCRATCH
   648 00000416 E8(F6FFFFFF)            call CAT2
   649 0000041B 83C408                  add ESP,4*2
   650                                 
   651                                 
   652 0000041E 68[00000000]            push TTYPE
   653 00000423 68[00000000]            push SCRATCH
   654 00000428 E8(F6FFFFFF)            call IFORM
   655 0000042D 83C408                  add ESP,4*2
   656                                 
   657                                 
   658 00000430 68[00000000]            push BUFF
   659 00000435 68[00000000]            push SCRATCH
   660 0000043A E8(F6FFFFFF)            call CAT2
   661 0000043F 83C408                  add ESP,4*2
   662                                 
   663                                 
   664 00000442 68[00000000]            push TAGS
   665 00000447 68[00000000]            push SCRATCH
   666 0000044C E8(F6FFFFFF)            call IFORM
   667 00000451 83C408                  add ESP,4*2
   668                                 
   669                                 
   670 00000454 68[00000000]            push BUFF
   671 00000459 68[00000000]            push SCRATCH
   672 0000045E E8(F6FFFFFF)            call CAT2
   673 00000463 83C408                  add ESP,4*2
   674                                 
   675                                 
   676 00000466 68[00000000]            push OP
   677 0000046B 68[00000000]            push SCRATCH
   678 00000470 E8(F6FFFFFF)            call IFORM
   679 00000475 83C408                  add ESP,4*2
   680                                 
   681                                 
   682 00000478 68[00000000]            push BUFF
   683 0000047D 68[00000000]            push SCRATCH
   684 00000482 E8(F6FFFFFF)            call CAT2
   685 00000487 83C408                  add ESP,4*2
   686                                 
   687                                 
   688 0000048A 68[00000000]            push TKIND
   689 0000048F 68[00000000]            push SCRATCH
   690 00000494 E8(F6FFFFFF)            call IFORM
   691 00000499 83C408                  add ESP,4*2
   692                                 
   693                                 
   694 0000049C 68[00000000]            push BUFF
   695 000004A1 68[00000000]            push SCRATCH
   696 000004A6 E8(F6FFFFFF)            call CAT2
   697 000004AB 83C408                  add ESP,4*2
   698                                 
   699                                 
   700 000004AE 68[00000000]            push OUTCH
   701 000004B3 68[00000000]            push BUFF
   702 000004B8 E8(F6FFFFFF)            call WRITE
   703 000004BD 83C408                  add ESP,4*2
   704                                 
   705                                 
   706                                 
   707 000004C0 A1[00000000]            mov EAX,[I]
   708 000004C5 40                      inc EAX
   709 000004C6 A3[00000000]            mov [I],EAX
   710                                 
   711 000004CB E9D2FDFFFF              jmp LJ18
   712                                 LJ19:
   713                                 
   714                                 
   715                                 
   716 000004D0 68[00000000]            push COLLS
   717 000004D5 68[00000000]            push SCRATCH
   718 000004DA E8(F6FFFFFF)            call IFORM
   719 000004DF 83C408                  add ESP,4*2
   720                                 
   721                                 
   722 000004E2 B800000000              mov EAX,0
   723 000004E7 A3[00000000]            mov [BUFF],EAX
   724                                 
   725                                 
   726 000004EC 68[00000000]            push BUFF
   727 000004F1 68[00000000]            push COLLISIONS
   728 000004F6 E8(F6FFFFFF)            call CAT2
   729 000004FB 83C408                  add ESP,4*2
   730                                 
   731                                 
   732 000004FE 68[00000000]            push BUFF
   733 00000503 68[00000000]            push SCRATCH
   734 00000508 E8(F6FFFFFF)            call CAT2
   735 0000050D 83C408                  add ESP,4*2
   736                                 
   737                                 
   738 00000510 68[00000000]            push OUTCH
   739 00000515 68[00000000]            push BUFF
   740 0000051A E8(F6FFFFFF)            call WRITE
   741 0000051F 83C408                  add ESP,4*2
   742                                 
   743                                 
   744                                 
   745 00000522 89EC                    mov ESP,EBP
   746 00000524 5D                      pop EBP
   747 00000525 C3                      ret
   748                                 
   749                                 [section .data]
   750                                 T3Z1:
   751 000005D8 00000000                times 1 dd 0
   752                                 [section .text]
   753                                 
   754                                  end
