     1                                 %line 1+1 iread.asm
     2                                 
     3                                 
     4                                 
     5                                 [global progr]
     6                                 [extern exit]
     7                                 [global IREAD]
     8                                 
     9                                 [section .data]
    10                                 I:
    11 00000000 00000000                times 1 dd 0
    12                                 
    13                                 L:
    14 00000004 00000000                times 1 dd 0
    15                                 
    16                                 N:
    17 00000008 00000000                times 1 dd 0
    18                                 
    19                                 PLUS:
    20 0000000C 2B000000                dd 43
    21                                 MINUS:
    22 00000010 2D000000                dd 45
    23                                 SIGN:
    24 00000014 00000000                times 1 dd 0
    25                                 
    26                                 
    27                                 [section .text]
    28                                 
    29                                 IREAD:
    30 00000000 55                      push EBP
    31 00000001 89E5                    mov EBP,ESP
    32                                 
    33                                 
    34                                 
    35                                 
    36                                 
    37                                 
    38 00000003 B800000000              mov EAX,0
    39 00000008 A3[00000000]            mov [SIGN],EAX
    40                                 
    41                                 
    42 0000000D B800000000              mov EAX,0
    43 00000012 A3[00000000]            mov [N],EAX
    44                                 
    45                                 
    46                                 
    47 00000017 8B5D0C                  mov EBX,[EBP+12]
    48 0000001A 8B03                    mov EAX,[EBX]
    49 0000001C A3[00000000]            mov [I],EAX
    50                                 
    51                                 
    52                                 
    53 00000021 8B5D08                  mov EBX,[EBP+8]
    54 00000024 8B03                    mov EAX,[EBX]
    55 00000026 A3[00000000]            mov [L],EAX
    56                                 
    57                                 LJ1:
    58                                 
    59 0000002B A1[00000000]            mov EAX,[I]
    60 00000030 C1E002                  sal EAX,2
    61                                 
    62 00000033 8B5D08                  mov EBX,[EBP+8]
    63 00000036 01D8                    add EAX,EBX
    64 00000038 8B00                    mov EAX,[EAX]
    65 0000003A 83E820                  sub EAX,32
    66 0000003D 752B                    jne LJ2
    67                                 
    68                                 
    69 0000003F A1[00000000]            mov EAX,[I]
    70 00000044 2B05[00000000]          sub EAX,[L]
    71 0000004A 7C11                    jl LJ3
    72                                 
    73 0000004C A1[00000000]            mov EAX,[I]
    74                                 
    75 00000051 8B5D0C                  mov EBX,[EBP+12]
    76 00000054 8903                    mov [EBX],EAX
    77                                 
    78 00000056 B800000000              mov EAX,0
    79                                 
    80 0000005B 89EC                    mov ESP,EBP
    81 0000005D 5D                      pop EBP
    82 0000005E C3                      ret
    83                                 LJ3:
    84                                 
    85                                 
    86 0000005F A1[00000000]            mov EAX,[I]
    87 00000064 40                      inc EAX
    88 00000065 A3[00000000]            mov [I],EAX
    89                                 
    90 0000006A EBBD                    jmp LJ1
    91                                 LJ2:
    92                                 
    93                                 
    94 0000006C A1[00000000]            mov EAX,[I]
    95 00000071 C1E002                  sal EAX,2
    96                                 
    97 00000074 8B5D08                  mov EBX,[EBP+8]
    98 00000077 01D8                    add EAX,EBX
    99 00000079 8B00                    mov EAX,[EAX]
   100 0000007B 2B05[00000000]          sub EAX,[PLUS]
   101 00000081 7500                    jne LJ4
   102 00000083 EB21                    jmp IR1
   103                                 LJ4:
   104                                 
   105                                 
   106 00000085 A1[00000000]            mov EAX,[I]
   107 0000008A C1E002                  sal EAX,2
   108                                 
   109 0000008D 8B5D08                  mov EBX,[EBP+8]
   110 00000090 01D8                    add EAX,EBX
   111 00000092 8B00                    mov EAX,[EAX]
   112 00000094 2B05[00000000]          sub EAX,[MINUS]
   113 0000009A 754C                    jne LJ5
   114                                 
   115                                 
   116 0000009C B801000000              mov EAX,1
   117 000000A1 F7D8                    neg EAX
   118 000000A3 A3[00000000]            mov [SIGN],EAX
   119                                 
   120                                 IR1:
   121                                 
   122                                 
   123 000000A8 A1[00000000]            mov EAX,[I]
   124 000000AD 40                      inc EAX
   125 000000AE A3[00000000]            mov [I],EAX
   126                                 
   127                                 LJ6:
   128                                 
   129 000000B3 A1[00000000]            mov EAX,[I]
   130 000000B8 C1E002                  sal EAX,2
   131                                 
   132 000000BB 8B5D08                  mov EBX,[EBP+8]
   133 000000BE 01D8                    add EAX,EBX
   134 000000C0 8B00                    mov EAX,[EAX]
   135 000000C2 83E820                  sub EAX,32
   136 000000C5 7521                    jne LJ7
   137                                 
   138                                 
   139 000000C7 A1[00000000]            mov EAX,[I]
   140 000000CC 2B05[00000000]          sub EAX,[L]
   141 000000D2 7C07                    jl LJ8
   142                                 
   143 000000D4 B800000000              mov EAX,0
   144                                 
   145 000000D9 89EC                    mov ESP,EBP
   146 000000DB 5D                      pop EBP
   147 000000DC C3                      ret
   148                                 LJ8:
   149                                 
   150                                 
   151 000000DD A1[00000000]            mov EAX,[I]
   152 000000E2 40                      inc EAX
   153 000000E3 A3[00000000]            mov [I],EAX
   154                                 
   155 000000E8 EBC7                    jmp LJ6
   156                                 LJ7:
   157                                 
   158                                 LJ5:
   159                                 
   160                                 
   161 000000EA A1[00000000]            mov EAX,[I]
   162 000000EF C1E002                  sal EAX,2
   163                                 
   164 000000F2 8B5D08                  mov EBX,[EBP+8]
   165 000000F5 01D8                    add EAX,EBX
   166 000000F7 8B00                    mov EAX,[EAX]
   167 000000F9 83E830                  sub EAX,48
   168 000000FC 7D07                    jge LJ9
   169                                 
   170 000000FE B800000000              mov EAX,0
   171                                 
   172 00000103 89EC                    mov ESP,EBP
   173 00000105 5D                      pop EBP
   174 00000106 C3                      ret
   175                                 LJ9:
   176                                 
   177                                 
   178 00000107 A1[00000000]            mov EAX,[I]
   179 0000010C C1E002                  sal EAX,2
   180                                 
   181 0000010F 8B5D08                  mov EBX,[EBP+8]
   182 00000112 01D8                    add EAX,EBX
   183 00000114 8B00                    mov EAX,[EAX]
   184 00000116 83E839                  sub EAX,57
   185 00000119 7E07                    jle LJ10
   186                                 
   187 0000011B B800000000              mov EAX,0
   188                                 
   189 00000120 89EC                    mov ESP,EBP
   190 00000122 5D                      pop EBP
   191 00000123 C3                      ret
   192                                 LJ10:
   193                                 
   194                                 LJ11:
   195                                 
   196 00000124 A1[00000000]            mov EAX,[I]
   197 00000129 2B05[00000000]          sub EAX,[L]
   198 0000012F 7F64                    jg LJ12
   199                                 
   200                                 
   201 00000131 A1[00000000]            mov EAX,[I]
   202 00000136 C1E002                  sal EAX,2
   203                                 
   204 00000139 8B5D08                  mov EBX,[EBP+8]
   205 0000013C 01D8                    add EAX,EBX
   206 0000013E 8B00                    mov EAX,[EAX]
   207 00000140 83E830                  sub EAX,48
   208 00000143 7D00                    jge LJ13
   209 00000145 EB4E                    jmp LJ12
   210                                 LJ13:
   211                                 
   212                                 
   213 00000147 A1[00000000]            mov EAX,[I]
   214 0000014C C1E002                  sal EAX,2
   215                                 
   216 0000014F 8B5D08                  mov EBX,[EBP+8]
   217 00000152 01D8                    add EAX,EBX
   218 00000154 8B00                    mov EAX,[EAX]
   219 00000156 83E839                  sub EAX,57
   220 00000159 7E00                    jle LJ14
   221 0000015B EB38                    jmp LJ12
   222                                 LJ14:
   223                                 
   224                                 
   225 0000015D B80A000000              mov EAX,10
   226 00000162 F72D[00000000]          imul dword [N]
   227 00000168 83E830                  sub EAX,48
   228 0000016B A3[00000000]            mov [T1Z1],EAX
   229 00000170 A1[00000000]            mov EAX,[I]
   230 00000175 C1E002                  sal EAX,2
   231                                 
   232 00000178 8B5D08                  mov EBX,[EBP+8]
   233 0000017B 01D8                    add EAX,EBX
   234 0000017D 8B00                    mov EAX,[EAX]
   235 0000017F 0305[00000000]          add EAX,[T1Z1]
   236 00000185 A3[00000000]            mov [N],EAX
   237                                 
   238                                 
   239 0000018A A1[00000000]            mov EAX,[I]
   240 0000018F 40                      inc EAX
   241 00000190 A3[00000000]            mov [I],EAX
   242                                 
   243 00000195 EB8B                    jmp LJ11
   244                                 LJ12:
   245                                 
   246                                 
   247 00000197 A1[00000000]            mov EAX,[SIGN]
   248 0000019C 09C0                    or EAX,EAX
   249 0000019E 740A                    jz LJ15
   250                                 
   251 000001A0 A1[00000000]            mov EAX,[N]
   252 000001A5 F7D8                    neg EAX
   253 000001A7 A3[00000000]            mov [N],EAX
   254                                 LJ15:
   255                                 
   256                                 
   257 000001AC A1[00000000]            mov EAX,[I]
   258                                 
   259 000001B1 8B5D0C                  mov EBX,[EBP+12]
   260 000001B4 8903                    mov [EBX],EAX
   261                                 
   262                                 
   263 000001B6 A1[00000000]            mov EAX,[N]
   264                                 
   265 000001BB 89EC                    mov ESP,EBP
   266 000001BD 5D                      pop EBP
   267 000001BE C3                      ret
   268                                 
   269                                 [section .data]
   270                                 T1Z1:
   271 00000018 00000000                times 1 dd 0
   272                                 [section .text]
   273                                 
   274                                  end
