     1                                 %line 1+1 lex.asm
     2                                 
     3                                 
     4                                 
     5                                 
     6                                 
     7                                 
     8                                 
     9                                 
    10                                 
    11                                 
    12                                 
    13                                 
    14                                 
    15                                 
    16                                 [global progr]
    17                                 [extern exit]
    18                                 
    19                                 [global LEX]
    20                                 
    21                                 [extern BUFF]
    22                                 
    23                                 [extern A2B40L]
    24                                 
    25                                 [extern LOOKS]
    26                                 
    27                                 
    28                                 
    29                                 
    30                                 
    31                                 [section .data]
    32                                 T:
    33 00000000 01000000                dd 1
    34 00000004 01000000                dd 1
    35 00000008 01000000                dd 1
    36 0000000C 01000000                dd 1
    37 00000010 01000000                dd 1
    38 00000014 01000000                dd 1
    39 00000018 01000000                dd 1
    40 0000001C 01000000                dd 1
    41 00000020 01000000                dd 1
    42 00000024 01000000                dd 1
    43 00000028 01000000                dd 1
    44 0000002C 01000000                dd 1
    45 00000030 01000000                dd 1
    46 00000034 01000000                dd 1
    47 00000038 01000000                dd 1
    48 0000003C 01000000                dd 1
    49                                 
    50                                 T2:
    51 00000040 01000000                dd 1
    52 00000044 01000000                dd 1
    53 00000048 01000000                dd 1
    54 0000004C 01000000                dd 1
    55 00000050 01000000                dd 1
    56 00000054 01000000                dd 1
    57 00000058 01000000                dd 1
    58 0000005C 01000000                dd 1
    59 00000060 01000000                dd 1
    60 00000064 01000000                dd 1
    61 00000068 01000000                dd 1
    62 0000006C 01000000                dd 1
    63 00000070 01000000                dd 1
    64 00000074 01000000                dd 1
    65 00000078 01000000                dd 1
    66 0000007C 01000000                dd 1
    67                                 
    68                                 T3:
    69 00000080 01000000                dd 1
    70 00000084 05000000                dd 5
    71 00000088 05000000                dd 5
    72 0000008C 05000000                dd 5
    73 00000090 05000000                dd 5
    74 00000094 05000000                dd 5
    75 00000098 05000000                dd 5
    76 0000009C 04000000                dd 4
    77 000000A0 05000000                dd 5
    78 000000A4 05000000                dd 5
    79 000000A8 05000000                dd 5
    80 000000AC 05000000                dd 5
    81 000000B0 05000000                dd 5
    82 000000B4 05000000                dd 5
    83 000000B8 05000000                dd 5
    84 000000BC 05000000                dd 5
    85                                 
    86                                 T4:
    87 000000C0 03000000                dd 3
    88 000000C4 03000000                dd 3
    89 000000C8 03000000                dd 3
    90 000000CC 03000000                dd 3
    91 000000D0 03000000                dd 3
    92 000000D4 03000000                dd 3
    93 000000D8 03000000                dd 3
    94 000000DC 03000000                dd 3
    95 000000E0 03000000                dd 3
    96 000000E4 03000000                dd 3
    97 000000E8 05000000                dd 5
    98 000000EC 05000000                dd 5
    99 000000F0 05000000                dd 5
   100 000000F4 05000000                dd 5
   101 000000F8 05000000                dd 5
   102 000000FC 05000000                dd 5
   103                                 
   104                                 T5:
   105 00000100 05000000                dd 5
   106 00000104 02000000                dd 2
   107 00000108 02000000                dd 2
   108 0000010C 02000000                dd 2
   109 00000110 02000000                dd 2
   110 00000114 02000000                dd 2
   111 00000118 02000000                dd 2
   112 0000011C 02000000                dd 2
   113 00000120 02000000                dd 2
   114 00000124 02000000                dd 2
   115 00000128 02000000                dd 2
   116 0000012C 02000000                dd 2
   117 00000130 02000000                dd 2
   118 00000134 02000000                dd 2
   119 00000138 02000000                dd 2
   120 0000013C 02000000                dd 2
   121                                 
   122                                 T6:
   123 00000140 02000000                dd 2
   124 00000144 02000000                dd 2
   125 00000148 02000000                dd 2
   126 0000014C 02000000                dd 2
   127 00000150 02000000                dd 2
   128 00000154 02000000                dd 2
   129 00000158 02000000                dd 2
   130 0000015C 02000000                dd 2
   131 00000160 02000000                dd 2
   132 00000164 02000000                dd 2
   133 00000168 02000000                dd 2
   134 0000016C 05000000                dd 5
   135 00000170 05000000                dd 5
   136 00000174 05000000                dd 5
   137 00000178 05000000                dd 5
   138 0000017C 05000000                dd 5
   139                                 
   140                                 T7:
   141 00000180 05000000                dd 5
   142 00000184 02000000                dd 2
   143 00000188 02000000                dd 2
   144 0000018C 02000000                dd 2
   145 00000190 02000000                dd 2
   146 00000194 02000000                dd 2
   147 00000198 02000000                dd 2
   148 0000019C 02000000                dd 2
   149 000001A0 02000000                dd 2
   150 000001A4 02000000                dd 2
   151 000001A8 02000000                dd 2
   152 000001AC 02000000                dd 2
   153 000001B0 02000000                dd 2
   154 000001B4 02000000                dd 2
   155 000001B8 02000000                dd 2
   156 000001BC 02000000                dd 2
   157                                 
   158                                 T8:
   159 000001C0 02000000                dd 2
   160 000001C4 02000000                dd 2
   161 000001C8 02000000                dd 2
   162 000001CC 02000000                dd 2
   163 000001D0 02000000                dd 2
   164 000001D4 02000000                dd 2
   165 000001D8 02000000                dd 2
   166 000001DC 02000000                dd 2
   167 000001E0 02000000                dd 2
   168 000001E4 02000000                dd 2
   169 000001E8 02000000                dd 2
   170 000001EC 05000000                dd 5
   171 000001F0 05000000                dd 5
   172 000001F4 05000000                dd 5
   173 000001F8 05000000                dd 5
   174 000001FC 05000000                dd 5
   175                                 
   176                                 
   177                                 S:
   178 00000200 1E000000                dd 30
   179                                 
   180                                 S1:
   181 00000204 01000000                dd 1
   182 00000208 02000000                dd 2
   183 0000020C 03000000                dd 3
   184 00000210 04000000                dd 4
   185 00000214 06000000                dd 6
   186                                 
   187                                 S2:
   188 00000218 FFFFFFFF                dd -1
   189 0000021C 02000000                dd 2
   190 00000220 02000000                dd 2
   191 00000224 FFFFFFFF                dd -1
   192 00000228 FFFFFFFF                dd -1
   193                                 
   194                                 S3:
   195 0000022C FEFFFFFF                dd -2
   196 00000230 FEFFFFFF                dd -2
   197 00000234 03000000                dd 3
   198 00000238 FEFFFFFF                dd -2
   199 0000023C FEFFFFFF                dd -2
   200                                 
   201                                 S4:
   202 00000240 04000000                dd 4
   203 00000244 04000000                dd 4
   204 00000248 04000000                dd 4
   205 0000024C 05000000                dd 5
   206 00000250 04000000                dd 4
   207                                 
   208                                 S5:
   209 00000254 FDFFFFFF                dd -3
   210 00000258 FDFFFFFF                dd -3
   211 0000025C FDFFFFFF                dd -3
   212 00000260 04000000                dd 4
   213 00000264 FDFFFFFF                dd -3
   214                                 
   215                                 S6:
   216 00000268 FCFFFFFF                dd -4
   217 0000026C FCFFFFFF                dd -4
   218 00000270 FCFFFFFF                dd -4
   219 00000274 FCFFFFFF                dd -4
   220 00000278 FCFFFFFF                dd -4
   221                                 
   222                                 SROW:
   223 0000027C 06000000                dd 6
   224 00000280 00000000                dd 0
   225 00000284 05000000                dd 5
   226 00000288 0A000000                dd 10
   227 0000028C 0F000000                dd 15
   228 00000290 14000000                dd 20
   229 00000294 19000000                dd 25
   230                                 
   231                                 
   232                                 CTYPE:
   233 00000298 00000000                times 1 dd 0
   234                                 
   235                                 STATE:
   236 0000029C 00000000                times 1 dd 0
   237                                 
   238                                 LKIND:
   239 000002A0 00000000                times 1 dd 0
   240                                 
   241                                 TKIND:
   242 000002A4 00000000                times 1 dd 0
   243                                 
   244                                 I:
   245 000002A8 00000000                times 1 dd 0
   246                                 
   247                                 CHAR:
   248 000002AC 00000000                times 1 dd 0
   249                                 
   250                                 ANCHOR:
   251 000002B0 00000000                times 1 dd 0
   252                                 
   253                                 NUM:
   254 000002B4 00000000                times 1 dd 0
   255                                 
   256                                 INDEX:
   257 000002B8 00000000                times 1 dd 0
   258                                 WORDS:
   259 000002BC 00000000                times 1 dd 0
   260                                 
   261                                 VAL:
   262 000002C0 00000000                times 1 dd 0
   263                                 TAG:
   264 000002C4 00000000                times 1 dd 0
   265                                 
   266                                 
   267                                 
   268                                 [section .text]
   269                                 
   270                                 LEX:
   271 00000000 55                      push EBP
   272 00000001 89E5                    mov EBP,ESP
   273                                 
   274                                 
   275                                 
   276                                 
   277                                 
   278                                 
   279 00000003 B801000000              mov EAX,1
   280 00000008 A3[00000000]            mov [STATE],EAX
   281                                 
   282                                 
   283                                 
   284 0000000D 8B5D0C                  mov EBX,[EBP+12]
   285 00000010 8B03                    mov EAX,[EBX]
   286 00000012 A3[00000000]            mov [I],EAX
   287                                 
   288                                 
   289 00000017 B800000000              mov EAX,0
   290 0000001C A3[00000000]            mov [ANCHOR],EAX
   291                                 
   292                                 
   293 00000021 B800000000              mov EAX,0
   294 00000026 A3[00000000]            mov [NUM],EAX
   295                                 
   296                                 
   297                                 LJ1:
   298                                 
   299 0000002B B801000000              mov EAX,1
   300 00000030 09C0                    or EAX,EAX
   301 00000032 0F84C6000000            jz LJ2
   302                                 
   303                                 
   304 00000038 A1[00000000]            mov EAX,[BUFF]
   305 0000003D 40                      inc EAX
   306 0000003E A3[00000000]            mov [T1Z],EAX
   307 00000043 A1[00000000]            mov EAX,[I]
   308 00000048 2B05[00000000]          sub EAX,[T1Z]
   309 0000004E 7E0D                    jle LJ3
   310                                 
   311                                 
   312 00000050 B800000000              mov EAX,0
   313 00000055 A3[00000000]            mov [STATE],EAX
   314                                 
   315 0000005A E9A0000000              jmp LJ2
   316                                 
   317                                 LJ3:
   318                                 
   319                                 
   320 0000005F A1[00000000]            mov EAX,[I]
   321 00000064 C1E002                  sal EAX,2
   322 00000067 05[00000000]            add EAX,BUFF
   323 0000006C 8B00                    mov EAX,[EAX]
   324 0000006E A3[00000000]            mov [CHAR],EAX
   325                                 
   326                                 
   327 00000073 A1[00000000]            mov EAX,[CHAR]
   328 00000078 C1E002                  sal EAX,2
   329 0000007B 05[00000000]            add EAX,T
   330 00000080 8B00                    mov EAX,[EAX]
   331 00000082 A3[00000000]            mov [CTYPE],EAX
   332                                 
   333                                 
   334 00000087 A1[00000000]            mov EAX,[STATE]
   335 0000008C C1E002                  sal EAX,2
   336 0000008F 05[00000000]            add EAX,SROW
   337 00000094 8B00                    mov EAX,[EAX]
   338 00000096 0305[00000000]          add EAX,[CTYPE]
   339 0000009C C1E002                  sal EAX,2
   340 0000009F 05[00000000]            add EAX,S
   341 000000A4 8B00                    mov EAX,[EAX]
   342 000000A6 A3[00000000]            mov [STATE],EAX
   343                                 
   344                                 
   345 000000AB A1[00000000]            mov EAX,[STATE]
   346 000000B0 48                      dec EAX
   347 000000B1 7411                    jz LJ4
   348                                 
   349                                 
   350 000000B3 A1[00000000]            mov EAX,[ANCHOR]
   351 000000B8 09C0                    or EAX,EAX
   352 000000BA 7508                    jne LJ5
   353                                 
   354                                 
   355 000000BC A1[00000000]            mov EAX,[I]
   356 000000C1 A3[00000000]            mov [ANCHOR],EAX
   357                                 
   358                                 LJ5:
   359                                 
   360                                 LJ4:
   361                                 
   362                                 
   363 000000C6 A1[00000000]            mov EAX,[STATE]
   364 000000CB 83E803                  sub EAX,3
   365 000000CE 7517                    jne LJ6
   366                                 
   367                                 
   368 000000D0 B80A000000              mov EAX,10
   369 000000D5 F72D[00000000]          imul dword [NUM]
   370 000000DB 83E830                  sub EAX,48
   371 000000DE 0305[00000000]          add EAX,[CHAR]
   372 000000E4 A3[00000000]            mov [NUM],EAX
   373                                 
   374                                 LJ6:
   375                                 
   376                                 
   377 000000E9 A1[00000000]            mov EAX,[STATE]
   378 000000EE 09C0                    or EAX,EAX
   379 000000F0 7D00                    jge LJ7
   380                                 
   381 000000F2 EB0E                    jmp LJ2
   382                                 
   383                                 LJ7:
   384                                 
   385                                 
   386 000000F4 A1[00000000]            mov EAX,[I]
   387 000000F9 40                      inc EAX
   388 000000FA A3[00000000]            mov [I],EAX
   389                                 
   390 000000FF E922FFFFFF              jmp LJ1
   391                                 LJ2:
   392                                 
   393                                 
   394                                 
   395 00000104 A1[00000000]            mov EAX,[I]
   396                                 
   397 00000109 8B5D0C                  mov EBX,[EBP+12]
   398 0000010C 8903                    mov [EBX],EAX
   399                                 
   400                                 
   401 0000010E A1[00000000]            mov EAX,[STATE]
   402 00000113 09C0                    or EAX,EAX
   403                                 
   404 00000115 740C                    jz LJ8
   405                                 
   406 00000117 A1[00000000]            mov EAX,[STATE]
   407 0000011C F7D8                    neg EAX
   408 0000011E A3[00000000]            mov [LKIND],EAX
   409                                 
   410 00000123 EB08                    jmp LJ9
   411                                 LJ8:
   412                                 
   413 00000125 B800000000              mov EAX,0
   414 0000012A A3[00000000]            mov [LKIND],EAX
   415                                 
   416                                 LJ9:
   417                                 
   418                                 
   419 0000012F A1[00000000]            mov EAX,[I]
   420 00000134 2B05[00000000]          sub EAX,[ANCHOR]
   421 0000013A C1E008                  sal EAX,8
   422 0000013D 0B05[00000000]          or EAX,[ANCHOR]
   423                                 
   424 00000143 8B5D08                  mov EBX,[EBP+8]
   425 00000146 8903                    mov [EBX],EAX
   426                                 
   427                                 
   428                                 
   429                                 
   430 00000148 A1[00000000]            mov EAX,[LKIND]
   431 0000014D 09C0                    or EAX,EAX
   432 0000014F C1E002                  sal EAX,2
   433 00000152 05[00000000]            add EAX,LC1
   434 00000157 8B00                    mov EAX,[EAX]
   435 00000159 FFE0                    jmp EAX
   436                                 [section .data]
   437                                 LC1:
   438 000002C8 [00000000]              dd LL0
   439 000002CC [00000000]              dd LL1
   440 000002D0 [00000000]              dd LL2
   441 000002D4 [00000000]              dd LL3
   442 000002D8 [00000000]              dd LL4
   443                                 
   444                                 [section .text]
   445 0000015B E9F4010000              jmp LJ10
   446                                 LL0:
   447                                 
   448 00000160 E9EF010000              jmp LJ10
   449                                 LL1:
   450                                 
   451                                 
   452                                 
   453 00000165 8B5D08                  mov EBX,[EBP+8]
   454                                 
   455                                 
   456 00000168 53                      push EBX
   457 00000169 68[00000000]            push BUFF
   458 0000016E E8(F6FFFFFF)            call A2B40L
   459 00000173 83C408                  add ESP,4*2
   460 00000176 A3[00000000]            mov [WORDS],EAX
   461                                 
   462                                 
   463                                 
   464 0000017B 68[00000000]            push WORDS
   465 00000180 68[00000000]            push VAL
   466 00000185 68[00000000]            push TAG
   467 0000018A E8(F6FFFFFF)            call LOOKS
   468 0000018F 83C40C                  add ESP,4*3
   469 00000192 A3[00000000]            mov [INDEX],EAX
   470                                 
   471                                 
   472 00000197 B801000000              mov EAX,1
   473 0000019C C1E002                  sal EAX,2
   474                                 
   475 0000019F 8B5D08                  mov EBX,[EBP+8]
   476 000001A2 01D8                    add EAX,EBX
   477 000001A4 A3[00000000]            mov [T1Z],EAX
   478 000001A9 A1[00000000]            mov EAX,[INDEX]
   479 000001AE 89C2                    mov EDX,EAX
   480 000001B0 A1[00000000]            mov EAX,[T1Z]
   481 000001B5 8910                    mov [EAX],EDX
   482                                 
   483                                 
   484 000001B7 B802000000              mov EAX,2
   485 000001BC C1E002                  sal EAX,2
   486                                 
   487 000001BF 8B5D08                  mov EBX,[EBP+8]
   488 000001C2 01D8                    add EAX,EBX
   489 000001C4 A3[00000000]            mov [T1Z],EAX
   490 000001C9 A1[00000000]            mov EAX,[VAL]
   491 000001CE 89C2                    mov EDX,EAX
   492 000001D0 A1[00000000]            mov EAX,[T1Z]
   493 000001D5 8910                    mov [EAX],EDX
   494                                 
   495                                 
   496 000001D7 B803000000              mov EAX,3
   497 000001DC C1E002                  sal EAX,2
   498                                 
   499 000001DF 8B5D08                  mov EBX,[EBP+8]
   500 000001E2 01D8                    add EAX,EBX
   501 000001E4 A3[00000000]            mov [T1Z],EAX
   502 000001E9 A1[00000000]            mov EAX,[TAG]
   503 000001EE 89C2                    mov EDX,EAX
   504 000001F0 A1[00000000]            mov EAX,[T1Z]
   505 000001F5 8910                    mov [EAX],EDX
   506                                 
   507 000001F7 E958010000              jmp LJ10
   508                                 LL2:
   509                                 
   510                                 
   511 000001FC B801000000              mov EAX,1
   512 00000201 C1E002                  sal EAX,2
   513                                 
   514 00000204 8B5D08                  mov EBX,[EBP+8]
   515 00000207 01D8                    add EAX,EBX
   516 00000209 A3[00000000]            mov [T1Z],EAX
   517 0000020E A1[00000000]            mov EAX,[NUM]
   518 00000213 89C2                    mov EDX,EAX
   519 00000215 A1[00000000]            mov EAX,[T1Z]
   520 0000021A 8910                    mov [EAX],EDX
   521                                 
   522                                 
   523 0000021C B802000000              mov EAX,2
   524 00000221 C1E002                  sal EAX,2
   525                                 
   526 00000224 8B5D08                  mov EBX,[EBP+8]
   527 00000227 01D8                    add EAX,EBX
   528 00000229 A3[00000000]            mov [T1Z],EAX
   529 0000022E B800000000              mov EAX,0
   530 00000233 89C2                    mov EDX,EAX
   531 00000235 A1[00000000]            mov EAX,[T1Z]
   532 0000023A 8910                    mov [EAX],EDX
   533                                 
   534                                 
   535 0000023C B803000000              mov EAX,3
   536 00000241 C1E002                  sal EAX,2
   537                                 
   538 00000244 8B5D08                  mov EBX,[EBP+8]
   539 00000247 01D8                    add EAX,EBX
   540 00000249 A3[00000000]            mov [T1Z],EAX
   541 0000024E B800000000              mov EAX,0
   542 00000253 89C2                    mov EDX,EAX
   543 00000255 A1[00000000]            mov EAX,[T1Z]
   544 0000025A 8910                    mov [EAX],EDX
   545                                 
   546 0000025C E9F3000000              jmp LJ10
   547                                 LL3:
   548                                 
   549                                 
   550 00000261 B801000000              mov EAX,1
   551 00000266 C1E002                  sal EAX,2
   552                                 
   553 00000269 8B5D08                  mov EBX,[EBP+8]
   554 0000026C 01D8                    add EAX,EBX
   555 0000026E A3[00000000]            mov [T1Z],EAX
   556 00000273 B800000000              mov EAX,0
   557 00000278 89C2                    mov EDX,EAX
   558 0000027A A1[00000000]            mov EAX,[T1Z]
   559 0000027F 8910                    mov [EAX],EDX
   560                                 
   561                                 
   562 00000281 B802000000              mov EAX,2
   563 00000286 C1E002                  sal EAX,2
   564                                 
   565 00000289 8B5D08                  mov EBX,[EBP+8]
   566 0000028C 01D8                    add EAX,EBX
   567 0000028E A3[00000000]            mov [T1Z],EAX
   568 00000293 B800000000              mov EAX,0
   569 00000298 89C2                    mov EDX,EAX
   570 0000029A A1[00000000]            mov EAX,[T1Z]
   571 0000029F 8910                    mov [EAX],EDX
   572                                 
   573                                 
   574 000002A1 B803000000              mov EAX,3
   575 000002A6 C1E002                  sal EAX,2
   576                                 
   577 000002A9 8B5D08                  mov EBX,[EBP+8]
   578 000002AC 01D8                    add EAX,EBX
   579 000002AE A3[00000000]            mov [T1Z],EAX
   580 000002B3 B800000000              mov EAX,0
   581 000002B8 89C2                    mov EDX,EAX
   582 000002BA A1[00000000]            mov EAX,[T1Z]
   583 000002BF 8910                    mov [EAX],EDX
   584                                 
   585 000002C1 E98E000000              jmp LJ10
   586                                 LL4:
   587                                 
   588                                 
   589 000002C6 A1[00000000]            mov EAX,[ANCHOR]
   590 000002CB C1E002                  sal EAX,2
   591 000002CE 05[00000000]            add EAX,BUFF
   592 000002D3 8B00                    mov EAX,[EAX]
   593 000002D5 6BC03D                  imul EAX,61
   594 000002D8 A3[00000000]            mov [WORDS],EAX
   595                                 
   596                                 
   597                                 
   598 000002DD 68[00000000]            push WORDS
   599 000002E2 68[00000000]            push VAL
   600 000002E7 68[00000000]            push TAG
   601 000002EC E8(F6FFFFFF)            call LOOKS
   602 000002F1 83C40C                  add ESP,4*3
   603 000002F4 A3[00000000]            mov [INDEX],EAX
   604                                 
   605                                 
   606 000002F9 B801000000              mov EAX,1
   607 000002FE C1E002                  sal EAX,2
   608                                 
   609 00000301 8B5D08                  mov EBX,[EBP+8]
   610 00000304 01D8                    add EAX,EBX
   611 00000306 A3[00000000]            mov [T1Z],EAX
   612 0000030B A1[00000000]            mov EAX,[INDEX]
   613 00000310 89C2                    mov EDX,EAX
   614 00000312 A1[00000000]            mov EAX,[T1Z]
   615 00000317 8910                    mov [EAX],EDX
   616                                 
   617                                 
   618 00000319 B802000000              mov EAX,2
   619 0000031E C1E002                  sal EAX,2
   620                                 
   621 00000321 8B5D08                  mov EBX,[EBP+8]
   622 00000324 01D8                    add EAX,EBX
   623 00000326 A3[00000000]            mov [T1Z],EAX
   624 0000032B A1[00000000]            mov EAX,[VAL]
   625 00000330 89C2                    mov EDX,EAX
   626 00000332 A1[00000000]            mov EAX,[T1Z]
   627 00000337 8910                    mov [EAX],EDX
   628                                 
   629                                 
   630 00000339 B803000000              mov EAX,3
   631 0000033E C1E002                  sal EAX,2
   632                                 
   633 00000341 8B5D08                  mov EBX,[EBP+8]
   634 00000344 01D8                    add EAX,EBX
   635 00000346 A3[00000000]            mov [T1Z],EAX
   636 0000034B A1[00000000]            mov EAX,[TAG]
   637 00000350 89C2                    mov EDX,EAX
   638 00000352 A1[00000000]            mov EAX,[T1Z]
   639 00000357 8910                    mov [EAX],EDX
   640                                 
   641                                 LJ10:
   642                                 
   643                                 
   644                                 
   645 00000359 A1[00000000]            mov EAX,[LKIND]
   646 0000035E C1E01C                  sal EAX,28
   647                                 
   648 00000361 8B5D08                  mov EBX,[EBP+8]
   649 00000364 0B03                    or EAX,[EBX]
   650                                 
   651 00000366 8B5D08                  mov EBX,[EBP+8]
   652 00000369 8903                    mov [EBX],EAX
   653                                 
   654                                 
   655 0000036B A1[00000000]            mov EAX,[LKIND]
   656                                 
   657 00000370 89EC                    mov ESP,EBP
   658 00000372 5D                      pop EBP
   659 00000373 C3                      ret
   660                                 
   661                                 [section .data]
   662                                 T1Z:
   663 000002DC 00000000<rept>          times 2 dd 0
   664                                 [section .text]
   665                                 
   666                                  end
