     1                                 %line 1+1 sc.asm
     2                                 
     3                                 
     4                                 
     5                                 
     6                                 
     7                                 
     8                                 [global SC]
     9                                 
    10                                 [global progr]
    11                                 [extern exit]
    12                                 
    13                                 [global SC]
    14                                 [section .text]
    15                                 progr:
    16 00000000 55                      push EBP
    17 00000001 89E5                    mov EBP,ESP
    18 00000003 EBFE                    jmp SC
    19                                 
    20                                 
    21                                 [extern SCAN]
    22                                 [extern INITSYM]
    23                                 
    24                                 [extern WRITE]
    25                                 
    26                                 [extern SHOW]
    27                                 
    28                                 [extern OUTCH]
    29                                 [extern COLLS]
    30                                 
    31                                 
    32                                 [global LISTCH]
    33                                 
    34                                 [global TSTFLG]
    35                                 
    36                                 
    37                                 [section .data]
    38                                 LISTCH:
    39 00000000 04000000                dd 4
    40                                 
    41                                 TSTFLG:
    42 00000004 00000000                times 1 dd 0
    43                                 
    44                                 ERRSUM:
    45 00000008 13000000                dd 19
    46 0000000C 20000000                dd 32
    47 00000010 4E000000                dd 78
    48 00000014 4F000000                dd 79
    49 00000018 20000000                dd 32
    50 0000001C 45000000                dd 69
    51 00000020 52000000                dd 82
    52 00000024 52000000                dd 82
    53 00000028 4F000000                dd 79
    54 0000002C 52000000                dd 82
    55 00000030 53000000                dd 83
    56 00000034 20000000                dd 32
    57 00000038 44000000                dd 68
    58 0000003C 45000000                dd 69
    59 00000040 54000000                dd 84
    60 00000044 45000000                dd 69
    61 00000048 43000000                dd 67
    62 0000004C 54000000                dd 84
    63 00000050 45000000                dd 69
    64 00000054 44000000                dd 68
    65                                 
    66                                 NCOLLS:
    67 00000058 0A000000                dd 10
    68 0000005C 43000000                dd 67
    69 00000060 6F000000                dd 111
    70 00000064 6C000000                dd 108
    71 00000068 6C000000                dd 108
    72 0000006C 69000000                dd 105
    73 00000070 73000000                dd 115
    74 00000074 69000000                dd 105
    75 00000078 6F000000                dd 111
    76 0000007C 6E000000                dd 110
    77 00000080 73000000                dd 115
    78                                 
    79                                 
    80                                 [section .text]
    81                                 SC:
    82                                 
    83                                 
    84 00000005 B801000000              mov EAX,1
    85 0000000A A3[00000000]            mov [TSTFLG],EAX
    86                                 
    87                                 
    88 0000000F E8(F6FFFFFF)            call INITSYM
    89                                 
    90                                 
    91 00000014 E8(F6FFFFFF)            call SCAN
    92                                 
    93                                 
    94 00000019 68[00000000]            push LISTCH
    95 0000001E 68[00000000]            push ERRSUM
    96 00000023 E8(F6FFFFFF)            call WRITE
    97 00000028 83C408                  add ESP,4*2
    98                                 
    99                                 
   100 0000002B 68[00000000]            push NCOLLS
   101 00000030 68[00000000]            push COLLS
   102 00000035 E8(F6FFFFFF)            call SHOW
   103 0000003A 83C408                  add ESP,4*2
   104                                 
   105                                 
   106 0000003D 89EC                    mov ESP,EBP
   107 0000003F 5D                      pop EBP
   108 00000040 C3                      ret
   109                                 
   110                                 
   111                                  end
