     1                                 %line 1+1 show.asm
     2                                 
     3                                 
     4                                 
     5                                 
     6                                 [global progr]
     7                                 [extern exit]
     8                                 
     9                                 
    10                                 [global SHOW]
    11                                 
    12                                 [extern IFORM]
    13                                 [extern CAT2]
    14                                 [extern WRITE]
    15                                 
    16                                 [extern LISTCH]
    17                                 
    18                                 [section .data]
    19                                 BUFFER:
    20 00000000 00000000<rept>          times 32 dd 0
    21                                 
    22                                 
    23                                 [section .text]
    24                                 
    25                                 SHOW:
    26 00000000 55                      push EBP
    27 00000001 89E5                    mov EBP,ESP
    28                                 
    29                                 
    30                                 
    31                                 
    32                                 
    33                                 
    34 00000003 B80A000000              mov EAX,10
    35 00000008 A3[00000000]            mov [BUFFER],EAX
    36                                 
    37                                 
    38 0000000D 8B5D08                  mov EBX,[EBP+8]
    39                                 
    40                                 
    41 00000010 53                      push EBX
    42 00000011 68[00000000]            push BUFFER
    43 00000016 E8(F6FFFFFF)            call IFORM
    44 0000001B 83C408                  add ESP,4*2
    45                                 
    46                                 
    47 0000001E A1[00000000]            mov EAX,[BUFFER]
    48 00000023 40                      inc EAX
    49 00000024 A3[00000000]            mov [BUFFER],EAX
    50                                 
    51                                 
    52 00000029 A1[00000000]            mov EAX,[BUFFER]
    53 0000002E C1E002                  sal EAX,2
    54 00000031 05[00000000]            add EAX,BUFFER
    55 00000036 A3[00000000]            mov [T1Z],EAX
    56 0000003B B820000000              mov EAX,32
    57 00000040 89C2                    mov EDX,EAX
    58 00000042 A1[00000000]            mov EAX,[T1Z]
    59 00000047 8910                    mov [EAX],EDX
    60                                 
    61                                 
    62 00000049 8B5D0C                  mov EBX,[EBP+12]
    63                                 
    64 0000004C 68[00000000]            push BUFFER
    65                                 
    66 00000051 53                      push EBX
    67 00000052 E8(F6FFFFFF)            call CAT2
    68 00000057 83C408                  add ESP,4*2
    69                                 
    70                                 
    71 0000005A 68[00000000]            push LISTCH
    72 0000005F 68[00000000]            push BUFFER
    73 00000064 E8(F6FFFFFF)            call WRITE
    74 00000069 83C408                  add ESP,4*2
    75                                 
    76                                 
    77 0000006C 89EC                    mov ESP,EBP
    78 0000006E 5D                      pop EBP
    79 0000006F C3                      ret
    80                                 
    81                                 [section .data]
    82                                 T1Z:
    83 00000080 00000000<rept>          times 2 dd 0
    84                                 [section .text]
    85                                 
    86                                  end
