START            1       769
IF               2       769
DO               3       769
REPEAT           4       769
CASE             5       769
LABEL            6       769
EXIT             7       769
GO               8       769
SET              9       769
CALL            10       769
RECURS          11       769
REC             11       769
PROCED          12       769
PROC            12       769
RETURN          13       769
ENTRY           14       769
ENT             14       769
EXTERN          15       769
EXT             15       769
DECLAR          16       769
DCL             16       769
MESSAG          17       769
MSG             17       769
STOP            18       769
BEGIN           30       769
END             31       769
THEN            32       769
ELSE            33       769
ENDIF           34       769
WHILE           35       769
ENDDO           36       769
UNTIL           37       769
OF              38       769
ENDCAS          39       769
TO              40       769
ENDPRO          41       769
+             1330      4867
-             1843      4867
NOT            308       770
*             1077      4868
/             1590      4868
MOD           1591       772
AND           1080       772
SHL           1593       772
SHR           1594       772
OR            1083       771
XOR           1084       771
.               61      5894
,               62      5894
;               63      5894
(               64      5894
)               65      5894
'               66      5894
=             1603      5894
EQ            1094       773
NE            1095       773
LE            1096       773
LT            1097       773
GE            1098       773
GT            1099       773
Collisions:          5
